TN:
SF:/home/joe/wrkspc/lktr-prjcts/lektor/lektor/admin/static/js/dialogSystem.jsx
FN:7,DialogSystem
FNF:1
FNH:1
FNDA:1,DialogSystem
DA:3,1
DA:4,1
DA:7,1
DA:8,1
DA:13,0
DA:21,0
DA:22,0
DA:31,0
DA:32,0
DA:40,0
DA:45,0
DA:53,1
LF:12
LH:5
BRDA:21,0,0,0
BRDA:21,0,1,0
BRDA:24,1,0,0
BRDA:24,1,1,0
BRDA:31,2,0,0
BRDA:31,2,1,0
BRDA:46,3,0,0
BRDA:46,3,1,0
BRDA:46,3,2,0
BRF:9
BRH:0
end_of_record
TN:
SF:/home/joe/wrkspc/lktr-prjcts/lektor/lektor/admin/static/js/events.jsx
FN:13,(anonymous_10)
FN:18,RecordEvent
FN:25,AttachmentsChangedEvent
FN:33,DialogChangedEvent
FNF:4
FNH:0
FNDA:0,(anonymous_10)
FNDA:0,RecordEvent
FNDA:0,AttachmentsChangedEvent
FNDA:0,DialogChangedEvent
DA:5,0
DA:9,0
DA:13,1
DA:14,0
DA:18,0
DA:20,0
DA:25,0
DA:27,0
DA:28,0
DA:33,0
DA:35,0
DA:36,0
LF:12
LH:1
BRDA:18,0,0,0
BRDA:18,0,1,0
BRDA:19,1,0,0
BRDA:19,1,1,0
BRDA:25,2,0,0
BRDA:25,2,1,0
BRDA:26,3,0,0
BRDA:26,3,1,0
BRDA:27,4,0,0
BRDA:27,4,1,0
BRDA:28,5,0,0
BRDA:28,5,1,0
BRDA:33,6,0,0
BRDA:33,6,1,0
BRDA:34,7,0,0
BRDA:34,7,1,0
BRF:16
BRH:0
end_of_record
TN:
SF:/home/joe/wrkspc/lktr-prjcts/lektor/lektor/admin/static/js/hub.jsx
FN:4,Hub
FN:53,(anonymous_9)
FNF:2
FNH:1
FNDA:1,Hub
FNDA:0,(anonymous_9)
DA:4,1
DA:5,1
DA:10,0
DA:11,0
DA:14,0
DA:15,0
DA:16,0
DA:19,0
DA:20,0
DA:21,0
DA:25,0
DA:26,0
DA:31,0
DA:32,0
DA:35,0
DA:36,0
DA:37,0
DA:40,0
DA:41,0
DA:42,0
DA:43,0
DA:46,0
DA:51,0
DA:52,0
DA:53,0
DA:54,0
DA:55,0
DA:57,0
DA:65,1
LF:29
LH:3
BRDA:10,0,0,0
BRDA:10,0,1,0
BRDA:15,1,0,0
BRDA:15,1,1,0
BRDA:20,2,0,0
BRDA:20,2,1,0
BRDA:31,3,0,0
BRDA:31,3,1,0
BRDA:36,4,0,0
BRDA:36,4,1,0
BRDA:41,5,0,0
BRDA:41,5,1,0
BRDA:52,6,0,0
BRDA:52,6,1,0
BRF:14
BRH:0
end_of_record
TN:
SF:/home/joe/wrkspc/lktr-prjcts/lektor/lektor/admin/static/js/components/BaseComponent.jsx
FNF:0
FNH:0
DA:8,1
LF:1
LH:1
BRF:0
BRH:0
end_of_record
TN:
SF:/home/joe/wrkspc/lktr-prjcts/lektor/lektor/admin/static/js/components/Component.jsx
FN:6,Component
FN:25,(anonymous_12)
FN:41,(anonymous_13)
FN:52,(anonymous_14)
FNF:4
FNH:1
FNDA:3,Component
FNDA:0,(anonymous_12)
FNDA:0,(anonymous_13)
FNDA:0,(anonymous_14)
DA:2,1
DA:3,1
DA:6,9
DA:8,3
DA:13,0
DA:24,0
DA:25,0
DA:26,0
DA:27,0
DA:28,0
DA:30,0
DA:34,0
DA:35,0
DA:36,0
DA:37,0
DA:39,0
DA:41,0
DA:42,0
DA:43,0
DA:44,0
DA:45,0
DA:46,0
DA:49,0
DA:52,0
DA:53,0
DA:54,0
DA:60,0
DA:64,3
DA:65,3
DA:66,0
DA:72,0
DA:73,0
DA:74,0
DA:79,0
DA:80,0
DA:82,0
LF:36
LH:6
BRDA:6,0,0,3
BRDA:6,0,1,0
BRDA:26,1,0,0
BRDA:26,1,1,0
BRDA:27,2,0,0
BRDA:27,2,1,0
BRDA:36,3,0,0
BRDA:36,3,1,0
BRDA:43,4,0,0
BRDA:43,4,1,0
BRDA:54,5,0,0
BRDA:54,5,1,0
BRDA:64,6,0,3
BRDA:64,6,1,0
BRDA:65,7,0,0
BRDA:65,7,1,3
BRDA:72,8,0,0
BRDA:72,8,1,0
BRDA:73,9,0,0
BRDA:73,9,1,0
BRDA:79,10,0,0
BRDA:79,10,1,0
BRF:22
BRH:3
end_of_record
TN:
SF:/home/joe/wrkspc/lktr-prjcts/lektor/lektor/admin/static/js/components/ToggleGroup.jsx
FN:8,ToggleGroup
FNF:1
FNH:1
FNDA:3,ToggleGroup
DA:3,1
DA:4,1
DA:5,1
DA:8,9
DA:10,3
DA:16,1
DA:17,1
DA:22,16
DA:23,4
DA:24,4
DA:25,4
DA:26,2
DA:28,2
DA:31,4
DA:45,1
LF:15
LH:15
BRDA:8,0,0,3
BRDA:8,0,1,0
BRDA:24,1,0,4
BRDA:24,1,1,4
BRDA:25,2,0,2
BRDA:25,2,1,2
BRF:6
BRH:5
end_of_record
