<?xml version="1.0" ?>
<coverage branch-rate="0.8175" branches-covered="345" branches-valid="422" complexity="0" line-rate="0.9137" lines-covered="1070" lines-valid="1171" timestamp="1534866203670" version="4.5.1">
	<!-- Generated by coverage.py: https://coverage.readthedocs.io -->
	<!-- Based on https://raw.githubusercontent.com/cobertura/web/master/htdocs/xml/coverage-04.dtd -->
	<sources>
		<source>/home/jcfr/Projects/scikit-build/skbuild</source>
	</sources>
	<packages>
		<package branch-rate="0.8322" complexity="0" line-rate="0.9165" name=".">
			<classes>
				<class branch-rate="1" complexity="0" filename="__init__.py" line-rate="1" name="__init__.py">
					<methods/>
					<lines>
						<line hits="1" number="2"/>
						<line hits="1" number="8"/>
						<line hits="1" number="9"/>
						<line hits="1" number="11"/>
						<line hits="1" number="12"/>
						<line hits="1" number="13"/>
						<line hits="1" number="14"/>
						<line hits="1" number="16"/>
						<line hits="1" number="18"/>
					</lines>
				</class>
				<class branch-rate="0.6442" complexity="0" filename="cmaker.py" line-rate="0.8075" name="cmaker.py">
					<methods/>
					<lines>
						<line hits="1" number="5"/>
						<line hits="1" number="6"/>
						<line hits="1" number="7"/>
						<line hits="1" number="8"/>
						<line hits="1" number="9"/>
						<line hits="1" number="10"/>
						<line hits="1" number="11"/>
						<line hits="1" number="12"/>
						<line hits="1" number="13"/>
						<line hits="1" number="14"/>
						<line hits="1" number="15"/>
						<line hits="1" number="16"/>
						<line hits="1" number="17"/>
						<line hits="1" number="19"/>
						<line hits="1" number="23"/>
						<line hits="1" number="24"/>
						<line hits="1" number="26"/>
						<line hits="1" number="30"/>
						<line hits="1" number="34"/>
						<line hits="1" number="35"/>
						<line hits="1" number="36"/>
						<line hits="1" number="37"/>
						<line branch="true" condition-coverage="100% (2/2)" hits="1" number="38"/>
						<line hits="1" number="39"/>
						<line hits="1" number="41"/>
						<line hits="1" number="42"/>
						<line hits="1" number="45"/>
						<line hits="1" number="46"/>
						<line hits="1" number="48"/>
						<line branch="true" condition-coverage="50% (1/2)" hits="1" missing-branches="52" number="49"/>
						<line hits="1" number="50"/>
						<line branch="true" condition-coverage="50% (1/2)" hits="1" missing-branches="53" number="52"/>
						<line hits="0" number="53"/>
						<line hits="1" number="55"/>
						<line hits="1" number="57"/>
						<line hits="1" number="60"/>
						<line branch="true" condition-coverage="100% (2/2)" hits="1" number="64"/>
						<line branch="true" condition-coverage="100% (2/2)" hits="1" number="65"/>
						<line branch="true" condition-coverage="100% (2/2)" hits="1" number="66"/>
						<line hits="1" number="67"/>
						<line branch="true" condition-coverage="50% (1/2)" hits="1" missing-branches="64" number="68"/>
						<line hits="1" number="69"/>
						<line hits="1" number="70"/>
						<line hits="1" number="73"/>
						<line hits="1" number="77"/>
						<line hits="1" number="78"/>
						<line hits="1" number="79"/>
						<line hits="1" number="80"/>
						<line branch="true" condition-coverage="50% (1/2)" hits="1" missing-branches="86" number="83"/>
						<line hits="1" number="84"/>
						<line hits="1" number="86"/>
						<line hits="1" number="89"/>
						<line hits="1" number="92"/>
						<line hits="1" number="93"/>
						<line hits="1" number="94"/>
						<line hits="1" number="95"/>
						<line hits="1" number="97"/>
						<line hits="1" number="101"/>
						<line hits="1" number="102"/>
						<line hits="1" number="103"/>
						<line branch="true" condition-coverage="50% (1/2)" hits="1" missing-branches="110" number="104"/>
						<line branch="true" condition-coverage="100% (2/2)" hits="1" number="105"/>
						<line hits="1" number="106"/>
						<line hits="1" number="107"/>
						<line hits="1" number="108"/>
						<line hits="1" number="110"/>
						<line hits="1" number="112"/>
						<line hits="1" number="115"/>
						<line branch="true" condition-coverage="100% (2/2)" hits="1" number="116"/>
						<line hits="1" number="117"/>
						<line hits="1" number="119"/>
						<line hits="1" number="121"/>
						<line branch="true" condition-coverage="50% (1/2)" hits="1" missing-branches="161" number="157"/>
						<line hits="1" number="158"/>
						<line hits="1" number="161"/>
						<line branch="true" condition-coverage="100% (2/2)" hits="1" number="162"/>
						<line hits="1" number="163"/>
						<line hits="1" number="167"/>
						<line branch="true" condition-coverage="100% (2/2)" hits="1" number="171"/>
						<line hits="1" number="172"/>
						<line branch="true" condition-coverage="50% (1/2)" hits="1" missing-branches="177" number="174"/>
						<line hits="1" number="175"/>
						<line branch="true" condition-coverage="50% (1/2)" hits="1" missing-branches="180" number="177"/>
						<line hits="1" number="178"/>
						<line hits="1" number="180"/>
						<line hits="1" number="181"/>
						<line hits="1" number="182"/>
						<line hits="1" number="184"/>
						<line hits="1" number="185"/>
						<line hits="1" number="204"/>
						<line hits="1" number="206"/>
						<line hits="1" number="213"/>
						<line branch="true" condition-coverage="100% (2/2)" hits="1" number="214"/>
						<line hits="1" number="215"/>
						<line hits="1" number="228"/>
						<line hits="1" number="230"/>
						<line hits="1" number="232"/>
						<line hits="1" number="235"/>
						<line branch="true" condition-coverage="50% (1/2)" hits="1" missing-branches="238" number="237"/>
						<line hits="0" number="238"/>
						<line branch="true" condition-coverage="50% (1/2)" hits="1" missing-branches="241" number="240"/>
						<line hits="0" number="241"/>
						<line hits="1" number="243"/>
						<line hits="1" number="247"/>
						<line hits="1" number="252"/>
						<line hits="1" number="256"/>
						<line branch="true" condition-coverage="50% (1/2)" hits="1" missing-branches="266" number="261"/>
						<line hits="0" number="266"/>
						<line hits="0" number="267"/>
						<line hits="0" number="268"/>
						<line hits="0" number="269"/>
						<line hits="0" number="270"/>
						<line hits="0" number="271"/>
						<line hits="0" number="273"/>
						<line hits="0" number="274"/>
						<line hits="0" number="275"/>
						<line hits="0" number="276"/>
						<line hits="0" number="278"/>
						<line hits="0" number="279"/>
						<line hits="0" number="280"/>
						<line hits="0" number="281"/>
						<line hits="0" number="283"/>
						<line hits="0" number="284"/>
						<line hits="0" number="285"/>
						<line hits="0" number="286"/>
						<line branch="true" condition-coverage="0% (0/2)" hits="0" missing-branches="289,290" number="288"/>
						<line hits="0" number="289"/>
						<line branch="true" condition-coverage="0% (0/2)" hits="0" missing-branches="291,292" number="290"/>
						<line hits="0" number="291"/>
						<line branch="true" condition-coverage="0% (0/2)" hits="0" missing-branches="293,294" number="292"/>
						<line hits="0" number="293"/>
						<line branch="true" condition-coverage="0% (0/2)" hits="0" missing-branches="295,298" number="294"/>
						<line hits="0" number="295"/>
						<line hits="0" number="298"/>
						<line hits="0" number="307"/>
						<line branch="true" condition-coverage="0% (0/2)" hits="0" missing-branches="309,311" number="308"/>
						<line hits="0" number="309"/>
						<line branch="true" condition-coverage="0% (0/2)" hits="0" missing-branches="exit,319" number="311"/>
						<line branch="true" condition-coverage="0% (0/2)" hits="0" missing-branches="320,328" number="319"/>
						<line branch="true" condition-coverage="0% (0/2)" hits="0" missing-branches="319,322" number="320"/>
						<line hits="0" number="322"/>
						<line hits="0" number="323"/>
						<line hits="1" number="328"/>
						<line hits="1" number="330"/>
						<line hits="1" number="335"/>
						<line branch="true" condition-coverage="50% (1/2)" hits="1" missing-branches="396" number="338"/>
						<line hits="1" number="341"/>
						<line hits="1" number="343"/>
						<line branch="true" condition-coverage="50% (1/2)" hits="1" missing-branches="345" number="344"/>
						<line hits="0" number="345"/>
						<line hits="1" number="347"/>
						<line branch="true" condition-coverage="50% (1/2)" hits="1" missing-branches="353" number="348"/>
						<line hits="1" number="349"/>
						<line hits="1" number="350"/>
						<line hits="1" number="353"/>
						<line hits="1" number="354"/>
						<line branch="true" condition-coverage="50% (1/2)" hits="1" missing-branches="363" number="355"/>
						<line hits="1" number="356"/>
						<line hits="1" number="363"/>
						<line branch="true" condition-coverage="50% (1/2)" hits="1" missing-branches="371" number="364"/>
						<line hits="1" number="365"/>
						<line branch="true" condition-coverage="50% (1/2)" hits="1" missing-branches="371" number="366"/>
						<line branch="true" condition-coverage="50% (1/2)" hits="1" missing-branches="369" number="367"/>
						<line hits="1" number="368"/>
						<line hits="1" number="369"/>
						<line branch="true" condition-coverage="50% (1/2)" hits="1" missing-branches="372" number="371"/>
						<line hits="0" number="372"/>
						<line branch="true" condition-coverage="50% (1/2)" hits="1" missing-branches="exit" number="375"/>
						<line branch="true" condition-coverage="50% (1/2)" hits="1" missing-branches="396" number="388"/>
						<line branch="true" condition-coverage="100% (2/2)" hits="1" number="389"/>
						<line hits="1" number="391"/>
						<line hits="1" number="392"/>
						<line hits="1" number="396"/>
						<line hits="1" number="398"/>
						<line hits="1" number="411"/>
						<line hits="1" number="412"/>
						<line branch="true" condition-coverage="100% (2/2)" hits="1" number="414"/>
						<line branch="true" condition-coverage="100% (2/2)" hits="1" number="415"/>
						<line branch="true" condition-coverage="100% (2/2)" hits="1" number="416"/>
						<line hits="1" number="417"/>
						<line branch="true" condition-coverage="100% (2/2)" hits="1" number="419"/>
						<line hits="1" number="420"/>
						<line branch="true" condition-coverage="100% (2/2)" hits="1" number="421"/>
						<line hits="1" number="422"/>
						<line hits="1" number="424"/>
						<line branch="true" condition-coverage="100% (2/2)" hits="1" number="428"/>
						<line hits="1" number="429"/>
						<line branch="true" condition-coverage="100% (2/2)" hits="1" number="436"/>
						<line branch="true" condition-coverage="100% (2/2)" hits="1" number="437"/>
						<line hits="1" number="446"/>
						<line hits="1" number="449"/>
						<line branch="true" condition-coverage="100% (2/2)" hits="1" number="450"/>
						<line hits="1" number="451"/>
						<line hits="1" number="455"/>
						<line hits="1" number="457"/>
						<line hits="1" number="458"/>
						<line hits="1" number="463"/>
						<line branch="true" condition-coverage="100% (2/2)" hits="1" number="464"/>
						<line hits="1" number="465"/>
						<line hits="1" number="478"/>
						<line hits="1" number="482"/>
						<line hits="1" number="484"/>
						<line hits="1" number="485"/>
						<line hits="1" number="487"/>
						<line branch="true" condition-coverage="100% (2/2)" hits="1" number="488"/>
						<line hits="1" number="489"/>
						<line hits="1" number="490"/>
						<line hits="1" number="492"/>
						<line hits="1" number="494"/>
						<line branch="true" condition-coverage="100% (2/2)" hits="1" number="495"/>
						<line hits="0" number="497"/>
						<line hits="1" number="499"/>
						<line branch="true" condition-coverage="100% (2/2)" hits="1" number="508"/>
					</lines>
				</class>
				<class branch-rate="0.6" complexity="0" filename="compat.py" line-rate="0.75" name="compat.py">
					<methods/>
					<lines>
						<line hits="1" number="1"/>
						<line hits="1" number="4"/>
						<line hits="1" number="11"/>
						<line hits="1" number="12"/>
						<line hits="1" number="13"/>
						<line branch="true" condition-coverage="50% (1/2)" hits="1" missing-branches="15" number="14"/>
						<line hits="0" number="15"/>
						<line branch="true" condition-coverage="100% (2/2)" hits="1" number="16"/>
						<line hits="1" number="17"/>
						<line branch="true" condition-coverage="100% (2/2)" hits="1" number="18"/>
						<line hits="1" number="19"/>
						<line branch="true" condition-coverage="50% (1/2)" hits="1" missing-branches="21" number="20"/>
						<line hits="0" number="21"/>
						<line branch="true" condition-coverage="0% (0/2)" hits="0" missing-branches="20,23" number="22"/>
						<line hits="0" number="23"/>
						<line hits="1" number="24"/>
					</lines>
				</class>
				<class branch-rate="1" complexity="0" filename="constants.py" line-rate="1" name="constants.py">
					<methods/>
					<lines>
						<line hits="1" number="5"/>
						<line hits="1" number="6"/>
						<line hits="1" number="8"/>
						<line hits="1" number="10"/>
						<line hits="1" number="16"/>
						<line hits="1" number="19"/>
						<line hits="1" number="22"/>
						<line hits="1" number="25"/>
						<line hits="1" number="30"/>
						<line hits="1" number="31"/>
					</lines>
				</class>
				<class branch-rate="1" complexity="0" filename="exceptions.py" line-rate="1" name="exceptions.py">
					<methods/>
					<lines>
						<line hits="1" number="6"/>
						<line hits="1" number="10"/>
						<line hits="1" number="13"/>
						<line hits="1" number="17"/>
					</lines>
				</class>
				<class branch-rate="0.9593" complexity="0" filename="setuptools_wrap.py" line-rate="0.9791" name="setuptools_wrap.py">
					<methods/>
					<lines>
						<line hits="1" number="5"/>
						<line hits="1" number="7"/>
						<line hits="1" number="8"/>
						<line hits="1" number="9"/>
						<line hits="1" number="10"/>
						<line hits="1" number="11"/>
						<line hits="1" number="12"/>
						<line hits="1" number="13"/>
						<line hits="1" number="14"/>
						<line hits="1" number="16"/>
						<line hits="1" number="17"/>
						<line hits="1" number="20"/>
						<line hits="1" number="21"/>
						<line hits="1" number="22"/>
						<line hits="1" number="23"/>
						<line hits="1" number="26"/>
						<line hits="1" number="27"/>
						<line hits="1" number="28"/>
						<line hits="1" number="29"/>
						<line hits="1" number="31"/>
						<line hits="1" number="32"/>
						<line hits="0" number="33"/>
						<line hits="0" number="34"/>
						<line hits="1" number="36"/>
						<line hits="1" number="37"/>
						<line hits="1" number="39"/>
						<line hits="1" number="40"/>
						<line hits="1" number="44"/>
						<line hits="1" number="47"/>
						<line hits="1" number="48"/>
						<line hits="1" number="51"/>
						<line hits="1" number="54"/>
						<line hits="1" number="55"/>
						<line hits="1" number="58"/>
						<line hits="1" number="61"/>
						<line hits="1" number="64"/>
						<line hits="1" number="68"/>
						<line hits="1" number="71"/>
						<line hits="1" number="77"/>
						<line hits="1" number="78"/>
						<line hits="1" number="81"/>
						<line branch="true" condition-coverage="100% (2/2)" hits="1" number="82"/>
						<line hits="1" number="83"/>
						<line hits="1" number="86"/>
						<line branch="true" condition-coverage="50% (1/2)" hits="1" missing-branches="88" number="87"/>
						<line hits="0" number="88"/>
						<line hits="1" number="90"/>
						<line hits="1" number="93"/>
						<line hits="1" number="97"/>
						<line hits="1" number="98"/>
						<line hits="1" number="99"/>
						<line hits="1" number="100"/>
						<line hits="1" number="101"/>
						<line hits="1" number="102"/>
						<line branch="true" condition-coverage="100% (2/2)" hits="1" number="104"/>
						<line branch="true" condition-coverage="100% (2/2)" hits="1" number="105"/>
						<line hits="1" number="106"/>
						<line branch="true" condition-coverage="100% (2/2)" hits="1" number="107"/>
						<line hits="1" number="108"/>
						<line hits="1" number="113"/>
						<line hits="1" number="115"/>
						<line hits="1" number="117"/>
						<line hits="1" number="120"/>
						<line hits="1" number="122"/>
						<line hits="1" number="123"/>
						<line hits="1" number="124"/>
						<line hits="1" number="125"/>
						<line hits="1" number="126"/>
						<line hits="1" number="128"/>
						<line hits="1" number="129"/>
						<line hits="1" number="130"/>
						<line hits="1" number="133"/>
						<line hits="1" number="161"/>
						<line hits="1" number="163"/>
						<line hits="1" number="165"/>
						<line hits="1" number="170"/>
						<line hits="1" number="175"/>
						<line hits="1" number="179"/>
						<line hits="1" number="185"/>
						<line hits="1" number="191"/>
						<line hits="1" number="192"/>
						<line hits="1" number="193"/>
						<line branch="true" condition-coverage="100% (2/2)" hits="1" number="194"/>
						<line hits="1" number="195"/>
						<line branch="true" condition-coverage="100% (2/2)" hits="1" number="196"/>
						<line hits="1" number="197"/>
						<line branch="true" condition-coverage="100% (2/2)" hits="1" number="198"/>
						<line hits="1" number="199"/>
						<line hits="1" number="201"/>
						<line branch="true" condition-coverage="100% (3/3)" hits="1" number="202"/>
						<line branch="true" condition-coverage="100% (2/2)" hits="1" number="203"/>
						<line hits="1" number="204"/>
						<line branch="true" condition-coverage="100% (2/2)" hits="1" number="205"/>
						<line hits="1" number="206"/>
						<line branch="true" condition-coverage="50% (1/2)" hits="1" missing-branches="208" number="207"/>
						<line hits="0" number="208"/>
						<line hits="1" number="210"/>
						<line hits="1" number="212"/>
						<line hits="1" number="217"/>
						<line hits="1" number="218"/>
						<line branch="true" condition-coverage="100% (2/2)" hits="1" number="219"/>
						<line hits="1" number="220"/>
						<line hits="1" number="228"/>
						<line branch="true" condition-coverage="100% (2/2)" hits="1" number="229"/>
						<line hits="1" number="230"/>
						<line hits="1" number="239"/>
						<line branch="true" condition-coverage="100% (2/2)" hits="1" number="249"/>
						<line hits="1" number="250"/>
						<line hits="1" number="252"/>
						<line hits="1" number="253"/>
						<line hits="1" number="255"/>
						<line hits="1" number="257"/>
						<line hits="1" number="262"/>
						<line hits="1" number="269"/>
						<line branch="true" condition-coverage="100% (2/2)" hits="1" number="270"/>
						<line hits="1" number="271"/>
						<line branch="true" condition-coverage="100% (2/2)" hits="1" number="280"/>
						<line hits="1" number="282"/>
						<line hits="1" number="283"/>
						<line hits="1" number="286"/>
						<line branch="true" condition-coverage="100% (2/2)" hits="1" number="289"/>
						<line branch="true" condition-coverage="100% (2/2)" hits="1" number="302"/>
						<line hits="1" number="303"/>
						<line branch="true" condition-coverage="100% (2/2)" hits="1" number="304"/>
						<line hits="1" number="305"/>
						<line hits="1" number="306"/>
						<line hits="1" number="309"/>
						<line hits="1" number="312"/>
						<line hits="1" number="313"/>
						<line hits="1" number="314"/>
						<line hits="1" number="315"/>
						<line hits="1" number="317"/>
						<line hits="1" number="318"/>
						<line hits="1" number="321"/>
						<line hits="1" number="323"/>
						<line hits="1" number="324"/>
						<line hits="1" number="325"/>
						<line hits="0" number="326"/>
						<line hits="0" number="327"/>
						<line hits="1" number="331"/>
						<line hits="1" number="341"/>
						<line hits="1" number="345"/>
						<line hits="1" number="346"/>
						<line hits="1" number="347"/>
						<line hits="1" number="348"/>
						<line hits="1" number="349"/>
						<line hits="1" number="351"/>
						<line hits="1" number="353"/>
						<line hits="1" number="354"/>
						<line hits="1" number="355"/>
						<line hits="1" number="356"/>
						<line hits="1" number="358"/>
						<line hits="1" number="359"/>
						<line hits="1" number="362"/>
						<line hits="1" number="363"/>
						<line hits="1" number="369"/>
						<line branch="true" condition-coverage="100% (2/2)" hits="1" number="377"/>
						<line hits="1" number="381"/>
						<line hits="1" number="382"/>
						<line hits="1" number="383"/>
						<line hits="1" number="384"/>
						<line hits="1" number="385"/>
						<line hits="1" number="386"/>
						<line hits="1" number="387"/>
						<line hits="1" number="388"/>
						<line hits="1" number="392"/>
						<line branch="true" condition-coverage="100% (2/2)" hits="1" number="393"/>
						<line hits="1" number="394"/>
						<line branch="true" condition-coverage="50% (1/2)" hits="1" missing-branches="396" number="395"/>
						<line hits="0" number="396"/>
						<line hits="1" number="404"/>
						<line hits="1" number="405"/>
						<line hits="1" number="406"/>
						<line hits="1" number="407"/>
						<line hits="1" number="408"/>
						<line hits="1" number="412"/>
						<line hits="1" number="413"/>
						<line hits="1" number="415"/>
						<line branch="true" condition-coverage="100% (2/2)" hits="1" number="417"/>
						<line hits="1" number="418"/>
						<line hits="1" number="420"/>
						<line branch="true" condition-coverage="100% (2/2)" hits="1" number="425"/>
						<line branch="true" condition-coverage="100% (2/2)" hits="1" number="426"/>
						<line hits="1" number="429"/>
						<line branch="true" condition-coverage="100% (2/2)" hits="1" number="430"/>
						<line hits="1" number="434"/>
						<line hits="1" number="435"/>
						<line hits="1" number="436"/>
						<line hits="1" number="437"/>
						<line hits="1" number="439"/>
						<line hits="1" number="441"/>
						<line hits="1" number="442"/>
						<line hits="1" number="444"/>
						<line hits="1" number="446"/>
						<line hits="1" number="447"/>
						<line hits="1" number="448"/>
						<line hits="1" number="450"/>
						<line branch="true" condition-coverage="100% (2/2)" hits="1" number="451"/>
						<line hits="1" number="453"/>
						<line branch="true" condition-coverage="100% (2/2)" hits="1" number="454"/>
						<line branch="true" condition-coverage="100% (2/2)" hits="1" number="456"/>
						<line hits="1" number="464"/>
						<line branch="true" condition-coverage="100% (2/2)" hits="1" number="468"/>
						<line branch="true" condition-coverage="100% (2/2)" hits="1" number="469"/>
						<line hits="1" number="471"/>
						<line hits="1" number="473"/>
						<line branch="true" condition-coverage="100% (2/2)" hits="1" number="474"/>
						<line hits="1" number="476"/>
						<line branch="true" condition-coverage="50% (1/2)" hits="1" missing-branches="486" number="479"/>
						<line hits="1" number="481"/>
						<line branch="true" condition-coverage="100% (2/2)" hits="1" number="486"/>
						<line branch="true" condition-coverage="50% (1/2)" hits="1" missing-branches="486" number="487"/>
						<line hits="1" number="488"/>
						<line hits="1" number="489"/>
						<line hits="1" number="490"/>
						<line hits="1" number="496"/>
						<line branch="true" condition-coverage="100% (2/2)" hits="1" number="497"/>
						<line hits="1" number="498"/>
						<line branch="true" condition-coverage="50% (1/2)" hits="1" missing-branches="500" number="499"/>
						<line hits="0" number="500"/>
						<line hits="1" number="501"/>
						<line hits="1" number="502"/>
						<line hits="1" number="505"/>
						<line hits="1" number="506"/>
						<line hits="1" number="507"/>
						<line hits="1" number="510"/>
						<line hits="1" number="512"/>
						<line branch="true" condition-coverage="100% (2/2)" hits="1" number="513"/>
						<line hits="1" number="514"/>
						<line hits="1" number="515"/>
						<line branch="true" condition-coverage="100% (2/2)" hits="1" number="516"/>
						<line hits="1" number="517"/>
						<line branch="true" condition-coverage="100% (2/2)" hits="1" number="518"/>
						<line branch="true" condition-coverage="50% (1/2)" hits="1" missing-branches="525" number="519"/>
						<line hits="1" number="520"/>
						<line hits="1" number="525"/>
						<line hits="1" number="535"/>
						<line branch="true" condition-coverage="100% (2/2)" hits="1" number="536"/>
						<line hits="1" number="537"/>
						<line hits="1" number="542"/>
						<line hits="1" number="543"/>
						<line branch="true" condition-coverage="100% (2/2)" hits="1" number="544"/>
						<line hits="1" number="545"/>
						<line hits="1" number="546"/>
						<line hits="1" number="547"/>
						<line hits="1" number="548"/>
						<line hits="1" number="549"/>
						<line hits="1" number="550"/>
						<line hits="1" number="551"/>
						<line branch="true" condition-coverage="100% (2/2)" hits="1" number="554"/>
						<line branch="true" condition-coverage="100% (2/2)" hits="1" number="558"/>
						<line branch="true" condition-coverage="100% (2/2)" hits="1" number="559"/>
						<line hits="1" number="560"/>
						<line branch="true" condition-coverage="100% (2/2)" hits="1" number="561"/>
						<line hits="1" number="562"/>
						<line hits="1" number="564"/>
						<line hits="1" number="566"/>
						<line hits="1" number="572"/>
						<line branch="true" condition-coverage="100% (2/2)" hits="1" number="573"/>
						<line hits="1" number="574"/>
						<line branch="true" condition-coverage="100% (2/2)" hits="1" number="575"/>
						<line hits="1" number="576"/>
						<line branch="true" condition-coverage="100% (2/2)" hits="1" number="580"/>
						<line branch="true" condition-coverage="100% (2/2)" hits="1" number="582"/>
						<line branch="true" condition-coverage="100% (2/2)" hits="1" number="583"/>
						<line hits="1" number="584"/>
						<line hits="1" number="585"/>
						<line branch="true" condition-coverage="100% (2/2)" hits="1" number="586"/>
						<line hits="1" number="587"/>
						<line branch="true" condition-coverage="100% (2/2)" hits="1" number="589"/>
						<line hits="1" number="590"/>
						<line hits="1" number="591"/>
						<line branch="true" condition-coverage="100% (2/2)" hits="1" number="592"/>
						<line hits="1" number="593"/>
						<line hits="1" number="595"/>
						<line hits="1" number="598"/>
						<line hits="1" number="599"/>
						<line branch="true" condition-coverage="100% (2/2)" hits="1" number="601"/>
						<line hits="1" number="602"/>
						<line hits="1" number="603"/>
						<line hits="1" number="605"/>
						<line branch="true" condition-coverage="100% (2/2)" hits="1" number="606"/>
						<line branch="true" condition-coverage="100% (2/2)" hits="1" number="614"/>
						<line branch="true" condition-coverage="100% (2/2)" hits="1" number="619"/>
						<line branch="true" condition-coverage="100% (2/2)" hits="1" number="624"/>
						<line hits="1" number="625"/>
						<line hits="1" number="629"/>
						<line hits="1" number="630"/>
						<line hits="1" number="631"/>
						<line hits="1" number="632"/>
						<line hits="1" number="634"/>
						<line hits="1" number="636"/>
						<line hits="1" number="639"/>
						<line branch="true" condition-coverage="100% (3/3)" hits="1" number="671"/>
						<line hits="1" number="681"/>
						<line hits="1" number="686"/>
						<line hits="1" number="687"/>
						<line hits="1" number="689"/>
						<line branch="true" condition-coverage="100% (2/2)" hits="1" number="690"/>
						<line branch="true" condition-coverage="100% (2/2)" hits="1" number="693"/>
						<line hits="1" number="694"/>
						<line hits="1" number="701"/>
						<line hits="1" number="703"/>
						<line hits="1" number="709"/>
						<line hits="1" number="713"/>
						<line hits="1" number="714"/>
						<line hits="1" number="715"/>
						<line hits="1" number="717"/>
						<line branch="true" condition-coverage="100% (2/2)" hits="1" number="720"/>
						<line branch="true" condition-coverage="100% (2/2)" hits="1" number="721"/>
						<line hits="1" number="723"/>
						<line hits="1" number="725"/>
						<line hits="1" number="726"/>
						<line hits="1" number="727"/>
						<line hits="1" number="729"/>
						<line hits="1" number="730"/>
						<line branch="true" condition-coverage="100% (2/2)" hits="1" number="732"/>
						<line hits="1" number="733"/>
						<line branch="true" condition-coverage="100% (2/2)" hits="1" number="738"/>
						<line branch="true" condition-coverage="100% (2/2)" hits="1" number="739"/>
						<line hits="1" number="740"/>
						<line hits="1" number="741"/>
						<line hits="1" number="742"/>
						<line branch="true" condition-coverage="100% (2/2)" hits="1" number="744"/>
						<line hits="1" number="745"/>
						<line branch="true" condition-coverage="100% (2/2)" hits="1" number="750"/>
						<line branch="true" condition-coverage="100% (2/2)" hits="1" number="751"/>
						<line hits="1" number="752"/>
						<line hits="1" number="753"/>
						<line hits="1" number="754"/>
						<line branch="true" condition-coverage="100% (2/2)" hits="1" number="756"/>
						<line hits="1" number="757"/>
						<line hits="1" number="764"/>
						<line hits="1" number="765"/>
						<line branch="true" condition-coverage="100% (2/2)" hits="1" number="766"/>
						<line hits="1" number="767"/>
						<line hits="1" number="768"/>
						<line hits="1" number="769"/>
						<line hits="1" number="772"/>
						<line hits="1" number="781"/>
						<line branch="true" condition-coverage="100% (2/2)" hits="1" number="782"/>
						<line branch="true" condition-coverage="100% (2/2)" hits="1" number="783"/>
						<line hits="1" number="784"/>
						<line hits="1" number="785"/>
						<line branch="true" condition-coverage="100% (2/2)" hits="1" number="788"/>
						<line hits="1" number="789"/>
						<line hits="1" number="790"/>
						<line hits="1" number="791"/>
						<line hits="1" number="794"/>
						<line hits="1" number="822"/>
						<line hits="1" number="825"/>
						<line hits="1" number="829"/>
						<line hits="1" number="830"/>
						<line hits="1" number="832"/>
						<line branch="true" condition-coverage="100% (2/2)" hits="1" number="834"/>
						<line branch="true" condition-coverage="100% (2/2)" hits="1" number="837"/>
						<line hits="1" number="838"/>
						<line hits="1" number="840"/>
						<line branch="true" condition-coverage="100% (2/2)" hits="1" number="843"/>
						<line hits="1" number="844"/>
						<line hits="1" number="845"/>
						<line hits="1" number="853"/>
						<line branch="true" condition-coverage="100% (2/2)" hits="1" number="854"/>
						<line hits="1" number="855"/>
						<line hits="1" number="856"/>
						<line hits="1" number="858"/>
						<line hits="1" number="861"/>
						<line hits="1" number="862"/>
						<line hits="1" number="863"/>
						<line hits="1" number="864"/>
						<line hits="1" number="867"/>
						<line hits="1" number="885"/>
						<line branch="true" condition-coverage="100% (2/2)" hits="1" number="886"/>
						<line branch="true" condition-coverage="100% (2/2)" hits="1" number="887"/>
						<line hits="1" number="888"/>
						<line hits="1" number="889"/>
						<line branch="true" condition-coverage="100% (2/2)" hits="1" number="890"/>
						<line hits="1" number="891"/>
						<line branch="true" condition-coverage="100% (2/2)" hits="1" number="892"/>
						<line hits="1" number="893"/>
						<line hits="1" number="894"/>
						<line hits="1" number="895"/>
						<line hits="1" number="896"/>
					</lines>
				</class>
			</classes>
		</package>
		<package branch-rate="0.875" complexity="0" line-rate="0.9488" name="command">
			<classes>
				<class branch-rate="0.5" complexity="0" filename="command/__init__.py" line-rate="1" name="__init__.py">
					<methods/>
					<lines>
						<line hits="1" number="5"/>
						<line hits="1" number="8"/>
						<line hits="1" number="11"/>
						<line hits="1" number="14"/>
						<line branch="true" condition-coverage="50% (1/2)" hits="1" missing-branches="20" number="15"/>
						<line hits="1" number="16"/>
						<line hits="1" number="17"/>
						<line hits="1" number="18"/>
						<line hits="1" number="20"/>
					</lines>
				</class>
				<class branch-rate="1" complexity="0" filename="command/bdist.py" line-rate="1" name="bdist.py">
					<methods/>
					<lines>
						<line hits="1" number="3"/>
						<line hits="1" number="4"/>
						<line hits="1" number="5"/>
						<line hits="1" number="6"/>
						<line hits="1" number="8"/>
						<line hits="1" number="9"/>
						<line hits="1" number="12"/>
						<line hits="1" number="14"/>
					</lines>
				</class>
				<class branch-rate="0.75" complexity="0" filename="command/bdist_wheel.py" line-rate="0.9615" name="bdist_wheel.py">
					<methods/>
					<lines>
						<line hits="1" number="4"/>
						<line hits="1" number="6"/>
						<line hits="1" number="7"/>
						<line hits="1" number="9"/>
						<line hits="1" number="10"/>
						<line hits="1" number="13"/>
						<line hits="1" number="16"/>
						<line hits="1" number="19"/>
						<line hits="1" number="21"/>
						<line hits="1" number="22"/>
						<line branch="true" condition-coverage="100% (2/2)" hits="1" number="23"/>
						<line hits="1" number="24"/>
						<line hits="1" number="25"/>
						<line hits="1" number="27"/>
						<line hits="1" number="29"/>
						<line hits="1" number="31"/>
						<line hits="1" number="32"/>
						<line hits="1" number="34"/>
						<line hits="1" number="36"/>
						<line branch="true" condition-coverage="50% (1/2)" hits="1" missing-branches="42" number="39"/>
						<line hits="0" number="42"/>
						<line hits="1" number="43"/>
						<line hits="1" number="45"/>
						<line hits="1" number="49"/>
						<line hits="1" number="50"/>
						<line hits="1" number="51"/>
					</lines>
				</class>
				<class branch-rate="1" complexity="0" filename="command/build.py" line-rate="1" name="build.py">
					<methods/>
					<lines>
						<line hits="1" number="3"/>
						<line hits="1" number="4"/>
						<line hits="1" number="5"/>
						<line hits="1" number="6"/>
						<line hits="1" number="8"/>
						<line hits="1" number="9"/>
						<line hits="1" number="12"/>
						<line hits="1" number="14"/>
					</lines>
				</class>
				<class branch-rate="0.8" complexity="0" filename="command/build_py.py" line-rate="0.9512" name="build_py.py">
					<methods/>
					<lines>
						<line hits="1" number="4"/>
						<line hits="1" number="6"/>
						<line hits="1" number="8"/>
						<line hits="1" number="10"/>
						<line hits="1" number="11"/>
						<line hits="1" number="12"/>
						<line hits="1" number="15"/>
						<line hits="1" number="18"/>
						<line hits="1" number="23"/>
						<line hits="1" number="25"/>
						<line hits="1" number="27"/>
						<line hits="1" number="32"/>
						<line hits="1" number="33"/>
						<line hits="1" number="35"/>
						<line hits="1" number="41"/>
						<line hits="1" number="42"/>
						<line hits="1" number="43"/>
						<line hits="1" number="45"/>
						<line hits="1" number="60"/>
						<line hits="1" number="63"/>
						<line branch="true" condition-coverage="100% (2/2)" hits="1" number="69"/>
						<line hits="1" number="70"/>
						<line hits="1" number="71"/>
						<line hits="1" number="72"/>
						<line hits="1" number="74"/>
						<line hits="1" number="75"/>
						<line hits="1" number="76"/>
						<line hits="1" number="77"/>
						<line hits="1" number="78"/>
						<line branch="true" condition-coverage="100% (2/2)" hits="1" number="80"/>
						<line hits="1" number="81"/>
						<line hits="1" number="82"/>
						<line branch="true" condition-coverage="50% (1/2)" hits="1" missing-branches="84" number="83"/>
						<line hits="0" number="84"/>
						<line hits="1" number="89"/>
						<line branch="true" condition-coverage="100% (2/2)" hits="1" number="93"/>
						<line hits="1" number="94"/>
						<line branch="true" condition-coverage="50% (1/2)" hits="1" missing-branches="97" number="96"/>
						<line hits="0" number="97"/>
						<line hits="1" number="99"/>
						<line hits="1" number="101"/>
					</lines>
				</class>
				<class branch-rate="1" complexity="0" filename="command/clean.py" line-rate="1" name="clean.py">
					<methods/>
					<lines>
						<line hits="1" number="3"/>
						<line hits="1" number="5"/>
						<line hits="1" number="6"/>
						<line hits="1" number="7"/>
						<line hits="1" number="8"/>
						<line hits="1" number="10"/>
						<line hits="1" number="12"/>
						<line hits="1" number="14"/>
						<line hits="1" number="15"/>
						<line hits="1" number="18"/>
						<line hits="1" number="21"/>
						<line hits="1" number="23"/>
						<line hits="1" number="26"/>
						<line branch="true" condition-coverage="100% (2/2)" hits="1" number="27"/>
						<line branch="true" condition-coverage="100% (2/2)" hits="1" number="30"/>
						<line hits="1" number="31"/>
						<line branch="true" condition-coverage="100% (2/2)" hits="1" number="32"/>
						<line hits="1" number="33"/>
					</lines>
				</class>
				<class branch-rate="0.9" complexity="0" filename="command/egg_info.py" line-rate="0.875" name="egg_info.py">
					<methods/>
					<lines>
						<line hits="1" number="4"/>
						<line hits="1" number="5"/>
						<line hits="1" number="7"/>
						<line hits="1" number="9"/>
						<line hits="1" number="10"/>
						<line hits="1" number="11"/>
						<line hits="1" number="14"/>
						<line hits="1" number="17"/>
						<line branch="true" condition-coverage="50% (1/2)" hits="1" missing-branches="37" number="19"/>
						<line branch="true" condition-coverage="100% (2/2)" hits="1" number="20"/>
						<line hits="1" number="25"/>
						<line hits="1" number="26"/>
						<line hits="1" number="27"/>
						<line branch="true" condition-coverage="100% (2/2)" hits="1" number="28"/>
						<line hits="1" number="29"/>
						<line branch="true" condition-coverage="100% (2/2)" hits="1" number="30"/>
						<line hits="1" number="31"/>
						<line branch="true" condition-coverage="100% (2/2)" hits="1" number="32"/>
						<line hits="1" number="33"/>
						<line hits="1" number="35"/>
						<line hits="0" number="37"/>
						<line hits="0" number="38"/>
						<line hits="0" number="40"/>
						<line hits="1" number="42"/>
					</lines>
				</class>
				<class branch-rate="1" complexity="0" filename="command/generate_source_manifest.py" line-rate="0.8333" name="generate_source_manifest.py">
					<methods/>
					<lines>
						<line hits="1" number="4"/>
						<line hits="1" number="5"/>
						<line hits="1" number="6"/>
						<line hits="1" number="8"/>
						<line hits="1" number="10"/>
						<line hits="1" number="11"/>
						<line hits="1" number="12"/>
						<line hits="1" number="14"/>
						<line hits="1" number="17"/>
						<line hits="1" number="21"/>
						<line hits="1" number="24"/>
						<line hits="1" number="26"/>
						<line hits="1" number="28"/>
						<line hits="1" number="39"/>
						<line branch="true" condition-coverage="100% (2/2)" hits="1" number="51"/>
						<line hits="1" number="53"/>
						<line hits="1" number="54"/>
						<line hits="1" number="57"/>
						<line hits="1" number="58"/>
						<line hits="0" number="61"/>
						<line hits="0" number="62"/>
						<line hits="0" number="65"/>
						<line hits="0" number="66"/>
						<line hits="0" number="75"/>
						<line branch="true" condition-coverage="100% (2/2)" hits="1" number="77"/>
						<line hits="1" number="78"/>
						<line hits="1" number="80"/>
						<line hits="1" number="81"/>
						<line hits="1" number="83"/>
						<line hits="1" number="85"/>
					</lines>
				</class>
				<class branch-rate="1" complexity="0" filename="command/install.py" line-rate="1" name="install.py">
					<methods/>
					<lines>
						<line hits="1" number="4"/>
						<line hits="1" number="6"/>
						<line hits="1" number="7"/>
						<line hits="1" number="10"/>
						<line hits="1" number="13"/>
						<line branch="true" condition-coverage="100% (2/2)" hits="1" number="21"/>
						<line hits="1" number="23"/>
						<line hits="1" number="25"/>
					</lines>
				</class>
				<class branch-rate="1" complexity="0" filename="command/install_lib.py" line-rate="1" name="install_lib.py">
					<methods/>
					<lines>
						<line hits="1" number="4"/>
						<line hits="1" number="6"/>
						<line hits="1" number="8"/>
						<line hits="1" number="9"/>
						<line hits="1" number="12"/>
						<line hits="1" number="15"/>
						<line hits="1" number="17"/>
						<line hits="1" number="18"/>
						<line branch="true" condition-coverage="100% (2/2)" hits="1" number="19"/>
						<line hits="1" number="20"/>
					</lines>
				</class>
				<class branch-rate="1" complexity="0" filename="command/install_scripts.py" line-rate="1" name="install_scripts.py">
					<methods/>
					<lines>
						<line hits="1" number="4"/>
						<line hits="1" number="6"/>
						<line hits="1" number="9"/>
						<line hits="1" number="10"/>
						<line hits="1" number="13"/>
						<line hits="1" number="16"/>
						<line hits="1" number="18"/>
						<line hits="1" number="19"/>
						<line hits="1" number="20"/>
					</lines>
				</class>
				<class branch-rate="1" complexity="0" filename="command/sdist.py" line-rate="1" name="sdist.py">
					<methods/>
					<lines>
						<line hits="1" number="3"/>
						<line hits="1" number="5"/>
						<line hits="1" number="6"/>
						<line hits="1" number="8"/>
						<line hits="1" number="9"/>
						<line hits="1" number="12"/>
						<line hits="1" number="15"/>
						<line hits="1" number="17"/>
						<line hits="1" number="18"/>
						<line hits="1" number="19"/>
						<line hits="1" number="23"/>
						<line hits="1" number="26"/>
						<line hits="1" number="28"/>
						<line hits="1" number="29"/>
						<line hits="1" number="32"/>
						<line hits="1" number="34"/>
						<line hits="1" number="35"/>
					</lines>
				</class>
				<class branch-rate="1" complexity="0" filename="command/test.py" line-rate="1" name="test.py">
					<methods/>
					<lines>
						<line hits="1" number="3"/>
						<line hits="1" number="5"/>
						<line hits="1" number="6"/>
						<line hits="1" number="9"/>
						<line hits="1" number="12"/>
						<line hits="1" number="14"/>
						<line hits="1" number="15"/>
					</lines>
				</class>
			</classes>
		</package>
		<package branch-rate="0.7237" complexity="0" line-rate="0.8532" name="platform_specifics">
			<classes>
				<class branch-rate="1" complexity="0" filename="platform_specifics/__init__.py" line-rate="1" name="__init__.py">
					<methods/>
					<lines>
						<line hits="1" number="5"/>
						<line hits="1" number="6"/>
						<line hits="1" number="8"/>
					</lines>
				</class>
				<class branch-rate="0.9412" complexity="0" filename="platform_specifics/abstract.py" line-rate="0.988" name="abstract.py">
					<methods/>
					<lines>
						<line hits="1" number="4"/>
						<line hits="1" number="6"/>
						<line hits="1" number="7"/>
						<line hits="1" number="8"/>
						<line hits="1" number="9"/>
						<line hits="1" number="11"/>
						<line hits="1" number="12"/>
						<line hits="1" number="13"/>
						<line hits="1" number="15"/>
						<line hits="1" number="18"/>
						<line hits="1" number="24"/>
						<line hits="1" number="25"/>
						<line hits="1" number="27"/>
						<line hits="1" number="30"/>
						<line hits="1" number="32"/>
						<line hits="1" number="34"/>
						<line hits="1" number="36"/>
						<line hits="1" number="41"/>
						<line branch="true" condition-coverage="100% (2/2)" hits="1" number="45"/>
						<line hits="1" number="46"/>
						<line hits="1" number="47"/>
						<line hits="1" number="48"/>
						<line hits="1" number="49"/>
						<line branch="true" condition-coverage="100% (2/2)" hits="1" number="50"/>
						<line hits="1" number="51"/>
						<line hits="1" number="53"/>
						<line branch="true" condition-coverage="100% (2/2)" hits="1" number="56"/>
						<line hits="1" number="57"/>
						<line hits="1" number="59"/>
						<line branch="true" condition-coverage="50% (1/2)" hits="1" missing-branches="67" number="63"/>
						<line branch="true" condition-coverage="50% (1/2)" hits="1" missing-branches="63" number="64"/>
						<line hits="1" number="65"/>
						<line hits="0" number="67"/>
						<line hits="1" number="71"/>
						<line hits="1" number="104"/>
						<line branch="true" condition-coverage="100% (2/2)" hits="1" number="106"/>
						<line hits="1" number="107"/>
						<line branch="true" condition-coverage="100% (2/2)" hits="1" number="112"/>
						<line branch="true" condition-coverage="100% (2/2)" hits="1" number="113"/>
						<line hits="1" number="114"/>
						<line hits="1" number="115"/>
						<line branch="true" condition-coverage="100% (2/2)" hits="1" number="116"/>
						<line hits="1" number="117"/>
						<line hits="1" number="119"/>
						<line hits="1" number="121"/>
						<line branch="true" condition-coverage="100% (2/2)" hits="1" number="124"/>
						<line hits="1" number="125"/>
						<line branch="true" condition-coverage="100% (2/2)" hits="1" number="138"/>
						<line hits="1" number="139"/>
						<line hits="1" number="141"/>
						<line hits="1" number="143"/>
						<line hits="1" number="144"/>
						<line hits="1" number="145"/>
						<line hits="1" number="156"/>
						<line branch="true" condition-coverage="100% (2/2)" hits="1" number="159"/>
						<line hits="1" number="162"/>
						<line branch="true" condition-coverage="100% (2/2)" hits="1" number="164"/>
						<line hits="1" number="167"/>
						<line hits="1" number="168"/>
						<line branch="true" condition-coverage="100% (2/2)" hits="1" number="169"/>
						<line hits="1" number="170"/>
						<line hits="1" number="171"/>
						<line hits="1" number="172"/>
						<line branch="true" condition-coverage="100% (2/2)" hits="1" number="174"/>
						<line hits="1" number="175"/>
						<line hits="1" number="176"/>
						<line branch="true" condition-coverage="100% (2/2)" hits="1" number="179"/>
						<line hits="1" number="180"/>
						<line hits="1" number="182"/>
						<line hits="1" number="185"/>
						<line hits="1" number="187"/>
						<line hits="1" number="190"/>
						<line hits="1" number="192"/>
						<line branch="true" condition-coverage="100% (2/2)" hits="1" number="195"/>
						<line hits="1" number="197"/>
						<line hits="1" number="198"/>
						<line hits="1" number="200"/>
						<line hits="1" number="203"/>
						<line hits="1" number="209"/>
						<line hits="1" number="217"/>
						<line hits="1" number="218"/>
						<line hits="1" number="221"/>
						<line hits="1" number="224"/>
					</lines>
				</class>
				<class branch-rate="1" complexity="0" filename="platform_specifics/bsd.py" line-rate="1" name="bsd.py">
					<methods/>
					<lines>
						<line hits="1" number="3"/>
						<line hits="1" number="7"/>
						<line hits="1" number="9"/>
					</lines>
				</class>
				<class branch-rate="0.3" complexity="0" filename="platform_specifics/linux.py" line-rate="0.8333" name="linux.py">
					<methods/>
					<lines>
						<line hits="1" number="3"/>
						<line hits="1" number="4"/>
						<line hits="1" number="5"/>
						<line hits="1" number="7"/>
						<line hits="1" number="10"/>
						<line hits="1" number="13"/>
						<line hits="1" number="27"/>
						<line hits="1" number="28"/>
						<line branch="true" condition-coverage="50% (1/2)" hits="1" missing-branches="33" number="29"/>
						<line hits="1" number="31"/>
						<line branch="true" condition-coverage="0% (0/2)" hits="0" missing-branches="37,39" number="33"/>
						<line hits="0" number="37"/>
						<line branch="true" condition-coverage="0% (0/2)" hits="0" missing-branches="41,43" number="39"/>
						<line hits="0" number="41"/>
						<line hits="1" number="43"/>
						<line hits="1" number="45"/>
						<line hits="1" number="48"/>
						<line hits="1" number="49"/>
						<line branch="true" condition-coverage="50% (1/2)" hits="1" missing-branches="55" number="50"/>
						<line hits="1" number="51"/>
						<line branch="true" condition-coverage="50% (1/2)" hits="1" missing-branches="62" number="55"/>
						<line hits="1" number="56"/>
						<line hits="1" number="62"/>
						<line hits="1" number="63"/>
					</lines>
				</class>
				<class branch-rate="1" complexity="0" filename="platform_specifics/osx.py" line-rate="0.8333" name="osx.py">
					<methods/>
					<lines>
						<line hits="1" number="3"/>
						<line hits="1" number="4"/>
						<line hits="1" number="6"/>
						<line hits="1" number="9"/>
						<line hits="1" number="12"/>
						<line hits="0" number="15"/>
					</lines>
				</class>
				<class branch-rate="1" complexity="0" filename="platform_specifics/platform_factory.py" line-rate="1" name="platform_factory.py">
					<methods/>
					<lines>
						<line hits="1" number="4"/>
						<line hits="1" number="6"/>
						<line hits="1" number="7"/>
						<line hits="1" number="8"/>
						<line hits="1" number="9"/>
						<line hits="1" number="12"/>
						<line hits="1" number="15"/>
						<line branch="true" condition-coverage="100% (2/2)" hits="1" number="17"/>
						<line hits="1" number="18"/>
						<line branch="true" condition-coverage="100% (2/2)" hits="1" number="19"/>
						<line hits="1" number="20"/>
						<line branch="true" condition-coverage="100% (2/2)" hits="1" number="21"/>
						<line hits="1" number="22"/>
						<line branch="true" condition-coverage="100% (2/2)" hits="1" number="23"/>
						<line hits="1" number="24"/>
						<line hits="1" number="26"/>
					</lines>
				</class>
				<class branch-rate="1" complexity="0" filename="platform_specifics/unix.py" line-rate="1" name="unix.py">
					<methods/>
					<lines>
						<line hits="1" number="3"/>
						<line hits="1" number="5"/>
						<line hits="1" number="9"/>
						<line hits="1" number="12"/>
						<line hits="1" number="13"/>
						<line hits="1" number="14"/>
					</lines>
				</class>
				<class branch-rate="0.5" complexity="0" filename="platform_specifics/windows.py" line-rate="0.6623" name="windows.py">
					<methods/>
					<lines>
						<line hits="1" number="3"/>
						<line hits="1" number="5"/>
						<line hits="1" number="6"/>
						<line hits="1" number="7"/>
						<line hits="1" number="9"/>
						<line hits="1" number="11"/>
						<line hits="1" number="14"/>
						<line hits="1" number="17"/>
						<line hits="1" number="18"/>
						<line hits="1" number="19"/>
						<line hits="1" number="20"/>
						<line hits="1" number="21"/>
						<line branch="true" condition-coverage="50% (1/2)" hits="1" missing-branches="35" number="31"/>
						<line hits="0" number="35"/>
						<line hits="0" number="36"/>
						<line branch="true" condition-coverage="50% (1/2)" hits="1" missing-branches="49" number="43"/>
						<line hits="0" number="49"/>
						<line hits="0" number="50"/>
						<line branch="true" condition-coverage="50% (1/2)" hits="1" missing-branches="74" number="58"/>
						<line hits="1" number="59"/>
						<line hits="1" number="60"/>
						<line hits="1" number="65"/>
						<line hits="0" number="74"/>
						<line hits="1" number="76"/>
						<line hits="1" number="78"/>
						<line branch="true" condition-coverage="100% (2/2)" hits="1" number="80"/>
						<line hits="1" number="81"/>
						<line hits="1" number="91"/>
						<line hits="0" number="94"/>
						<line hits="1" number="97"/>
						<line hits="1" number="110"/>
						<line hits="1" number="116"/>
						<line hits="1" number="122"/>
						<line hits="1" number="123"/>
						<line branch="true" condition-coverage="50% (1/2)" hits="1" missing-branches="127" number="125"/>
						<line hits="1" number="126"/>
						<line hits="1" number="127"/>
						<line hits="1" number="132"/>
						<line hits="1" number="135"/>
						<line hits="1" number="138"/>
						<line hits="1" number="139"/>
						<line hits="1" number="140"/>
						<line branch="true" condition-coverage="50% (1/2)" hits="1" missing-branches="142" number="141"/>
						<line branch="true" condition-coverage="0% (0/2)" hits="0" missing-branches="143,145" number="142"/>
						<line hits="0" number="143"/>
						<line hits="0" number="145"/>
						<line branch="true" condition-coverage="0% (0/2)" hits="0" missing-branches="147,148" number="146"/>
						<line hits="0" number="147"/>
						<line hits="0" number="148"/>
						<line hits="0" number="149"/>
						<line hits="0" number="150"/>
						<line hits="0" number="151"/>
						<line hits="0" number="152"/>
						<line hits="0" number="153"/>
						<line hits="0" number="154"/>
						<line branch="true" condition-coverage="50% (1/2)" hits="1" missing-branches="159" number="156"/>
						<line hits="1" number="157"/>
						<line hits="1" number="159"/>
						<line branch="true" condition-coverage="50% (1/2)" hits="1" missing-branches="161" number="160"/>
						<line hits="0" number="161"/>
						<line hits="1" number="162"/>
						<line hits="1" number="163"/>
						<line hits="0" number="164"/>
						<line hits="0" number="166"/>
						<line hits="0" number="167"/>
						<line hits="0" number="172"/>
						<line hits="0" number="173"/>
						<line branch="true" condition-coverage="50% (1/2)" hits="1" missing-branches="176" number="174"/>
						<line hits="1" number="175"/>
						<line hits="0" number="176"/>
						<line hits="0" number="177"/>
						<line hits="1" number="178"/>
						<line hits="1" number="181"/>
						<line hits="1" number="188"/>
						<line hits="1" number="200"/>
						<line branch="true" condition-coverage="100% (2/2)" hits="1" number="201"/>
						<line hits="1" number="202"/>
					</lines>
				</class>
			</classes>
		</package>
		<package branch-rate="0.85" complexity="0" line-rate="0.9515" name="utils">
			<classes>
				<class branch-rate="0.85" complexity="0" filename="utils/__init__.py" line-rate="0.9515" name="__init__.py">
					<methods/>
					<lines>
						<line hits="1" number="3"/>
						<line hits="1" number="4"/>
						<line hits="1" number="6"/>
						<line hits="1" number="7"/>
						<line hits="1" number="8"/>
						<line hits="1" number="9"/>
						<line hits="1" number="10"/>
						<line hits="1" number="11"/>
						<line hits="1" number="12"/>
						<line hits="1" number="13"/>
						<line hits="1" number="16"/>
						<line hits="1" number="20"/>
						<line hits="1" number="21"/>
						<line hits="1" number="23"/>
						<line hits="1" number="25"/>
						<line hits="1" number="27"/>
						<line hits="1" number="28"/>
						<line hits="1" number="30"/>
						<line hits="1" number="31"/>
						<line hits="1" number="33"/>
						<line hits="1" number="34"/>
						<line hits="1" number="35"/>
						<line hits="1" number="38"/>
						<line hits="1" number="44"/>
						<line hits="1" number="45"/>
						<line hits="1" number="46"/>
						<line hits="1" number="47"/>
						<line hits="1" number="48"/>
						<line hits="1" number="53"/>
						<line hits="1" number="56"/>
						<line hits="1" number="65"/>
						<line hits="1" number="66"/>
						<line hits="1" number="67"/>
						<line hits="1" number="68"/>
						<line hits="1" number="71"/>
						<line hits="1" number="72"/>
						<line branch="true" condition-coverage="100% (2/2)" hits="1" number="73"/>
						<line branch="true" condition-coverage="100% (2/2)" hits="1" number="74"/>
						<line hits="1" number="75"/>
						<line hits="1" number="76"/>
						<line hits="1" number="77"/>
						<line hits="1" number="79"/>
						<line hits="1" number="80"/>
						<line hits="1" number="83"/>
						<line hits="1" number="92"/>
						<line hits="1" number="95"/>
						<line hits="1" number="102"/>
						<line hits="1" number="110"/>
						<line hits="1" number="111"/>
						<line hits="1" number="112"/>
						<line hits="1" number="113"/>
						<line hits="1" number="114"/>
						<line hits="1" number="115"/>
						<line hits="1" number="117"/>
						<line hits="1" number="129"/>
						<line hits="1" number="130"/>
						<line hits="1" number="132"/>
						<line branch="true" condition-coverage="100% (2/2)" hits="1" number="137"/>
						<line hits="1" number="140"/>
						<line hits="1" number="142"/>
						<line hits="1" number="146"/>
						<line hits="1" number="147"/>
						<line branch="true" condition-coverage="100% (2/2)" hits="1" number="148"/>
						<line hits="1" number="150"/>
						<line hits="1" number="151"/>
						<line hits="1" number="153"/>
						<line hits="1" number="155"/>
						<line branch="true" condition-coverage="50% (1/2)" hits="1" missing-branches="163" number="158"/>
						<line hits="1" number="159"/>
						<line branch="true" condition-coverage="100% (2/2)" hits="1" number="161"/>
						<line hits="1" number="162"/>
						<line branch="true" condition-coverage="50% (1/2)" hits="1" missing-branches="164" number="163"/>
						<line hits="0" number="164"/>
						<line hits="0" number="166"/>
						<line hits="1" number="167"/>
						<line hits="1" number="170"/>
						<line hits="1" number="172"/>
						<line hits="1" number="176"/>
						<line hits="1" number="178"/>
						<line hits="1" number="181"/>
						<line hits="1" number="190"/>
						<line hits="1" number="191"/>
						<line branch="true" condition-coverage="100% (2/2)" hits="1" number="192"/>
						<line hits="1" number="194"/>
						<line hits="1" number="195"/>
						<line hits="1" number="196"/>
						<line hits="1" number="197"/>
						<line hits="1" number="200"/>
						<line branch="true" condition-coverage="50% (1/2)" hits="1" missing-branches="203" number="202"/>
						<line hits="0" number="203"/>
						<line hits="1" number="205"/>
						<line hits="1" number="209"/>
						<line hits="1" number="210"/>
						<line hits="1" number="211"/>
						<line hits="1" number="212"/>
						<line branch="true" condition-coverage="100% (2/2)" hits="1" number="213"/>
						<line hits="1" number="214"/>
						<line hits="1" number="216"/>
						<line hits="1" number="217"/>
						<line hits="0" number="221"/>
						<line hits="0" number="222"/>
						<line hits="1" number="225"/>
						<line hits="1" number="227"/>
					</lines>
				</class>
			</classes>
		</package>
	</packages>
</coverage>
